2023-01-14 22:10:27.079 [info] Log level: Info
2023-01-14 22:10:27.079 [info] Validating found git in: "git"
2023-01-14 22:10:27.351 [info] Using git "2.39.0" from "git"
2023-01-14 22:10:27.371 [info] > git rev-parse --show-toplevel [15ms]
2023-01-14 22:10:27.371 [info] fatal: not a git repository (or any of the parent directories): .git
2023-01-14 22:10:27.374 [info] > git rev-parse --show-toplevel [0ms]
2023-01-14 22:10:27.374 [info] fatal: not a git repository (or any of the parent directories): .git
2023-01-14 22:10:27.548 [info] > git rev-parse --show-toplevel [6ms]
2023-01-14 22:10:27.548 [info] fatal: not a git repository (or any of the parent directories): .git
2023-01-14 22:10:30.965 [info] > git rev-parse --show-toplevel [5ms]
2023-01-14 22:10:30.965 [info] fatal: not a git repository (or any of the parent directories): .git
2023-01-14 22:10:32.373 [info] > git rev-parse --show-toplevel [1ms]
2023-01-14 22:10:32.373 [info] fatal: not a git repository (or any of the parent directories): .git
2023-01-14 22:10:35.593 [info] > git rev-parse --show-toplevel [0ms]
2023-01-14 22:10:35.593 [info] fatal: not a git repository (or any of the parent directories): .git
2023-01-14 22:22:05.037 [info] > git rev-parse --show-toplevel [0ms]
2023-01-14 22:22:05.037 [info] fatal: not a git repository (or any of the parent directories): .git
2023-01-14 22:22:10.791 [info] > git rev-parse --show-toplevel [1ms]
2023-01-14 22:22:10.791 [info] fatal: not a git repository (or any of the parent directories): .git
2023-01-14 22:22:21.433 [info] > git rev-parse --show-toplevel [1ms]
2023-01-14 22:22:21.433 [info] fatal: not a git repository (or any of the parent directories): .git
2023-01-14 22:22:55.182 [info] > git rev-parse --show-toplevel [1ms]
2023-01-14 22:22:55.182 [info] fatal: not a git repository (or any of the parent directories): .git
2023-01-14 22:23:06.204 [info] > git rev-parse --show-toplevel [0ms]
2023-01-14 22:23:06.204 [info] fatal: not a git repository (or any of the parent directories): .git
2023-01-14 22:23:07.585 [info] > git rev-parse --show-toplevel [2ms]
2023-01-14 22:23:07.585 [info] fatal: not a git repository (or any of the parent directories): .git
2023-01-14 22:23:32.072 [info] > git rev-parse --show-toplevel [0ms]
2023-01-14 22:23:32.259 [info] fatal: not a git repository (or any of the parent directories): .git
2023-01-14 22:23:37.232 [info] > git rev-parse --show-toplevel [1ms]
2023-01-14 22:23:37.232 [info] fatal: not a git repository (or any of the parent directories): .git
2023-01-14 22:34:33.211 [info] > git rev-parse --show-toplevel [0ms]
2023-01-14 22:34:33.211 [info] fatal: not a git repository (or any of the parent directories): .git
2023-01-14 22:34:46.939 [info] > git rev-parse --show-toplevel [1ms]
2023-01-14 22:34:46.939 [info] fatal: not a git repository (or any of the parent directories): .git
2023-01-14 22:59:56.344 [info] > git rev-parse --show-toplevel [1ms]
2023-01-14 22:59:56.344 [info] fatal: not a git repository (or any of the parent directories): .git
2023-01-14 22:59:59.128 [info] > git rev-parse --show-toplevel [1ms]
2023-01-14 22:59:59.128 [info] fatal: not a git repository (or any of the parent directories): .git
2023-01-14 23:00:04.083 [info] > git rev-parse --show-toplevel [1ms]
2023-01-14 23:00:04.083 [info] fatal: not a git repository (or any of the parent directories): .git
2023-01-14 23:00:04.782 [info] > git rev-parse --show-toplevel [0ms]
2023-01-14 23:00:04.782 [info] fatal: not a git repository (or any of the parent directories): .git
2023-01-14 23:00:05.724 [info] > git rev-parse --show-toplevel [1ms]
2023-01-14 23:00:05.724 [info] fatal: not a git repository (or any of the parent directories): .git
2023-01-14 23:01:04.194 [info] > git rev-parse --show-toplevel [1ms]
2023-01-14 23:01:04.194 [info] fatal: not a git repository (or any of the parent directories): .git
2023-01-14 23:01:10.939 [info] > git rev-parse --show-toplevel [1ms]
2023-01-14 23:01:10.939 [info] fatal: not a git repository (or any of the parent directories): .git
2023-01-14 23:03:29.938 [info] > git rev-parse --show-toplevel [1ms]
2023-01-14 23:03:29.938 [info] fatal: not a git repository (or any parent up to mount point /media)
Stopping at filesystem boundary (GIT_DISCOVERY_ACROSS_FILESYSTEM not set).
2023-01-14 23:03:59.183 [info] > git rev-parse --show-toplevel [1ms]
2023-01-14 23:03:59.183 [info] fatal: not a git repository (or any of the parent directories): .git
2023-01-14 23:04:01.600 [info] > git rev-parse --show-toplevel [1ms]
2023-01-14 23:04:01.600 [info] fatal: not a git repository (or any parent up to mount point /media)
Stopping at filesystem boundary (GIT_DISCOVERY_ACROSS_FILESYSTEM not set).
2023-01-14 23:04:45.795 [info] > git rev-parse --show-toplevel [1ms]
2023-01-14 23:04:45.795 [info] fatal: not a git repository (or any of the parent directories): .git
2023-01-14 23:04:48.838 [info] > git rev-parse --show-toplevel [2ms]
2023-01-14 23:04:48.838 [info] fatal: not a git repository (or any parent up to mount point /media)
Stopping at filesystem boundary (GIT_DISCOVERY_ACROSS_FILESYSTEM not set).
2023-01-14 23:07:14.439 [info] > git rev-parse --show-toplevel [1ms]
2023-01-14 23:07:14.439 [info] fatal: not a git repository (or any of the parent directories): .git
